<?xml version="1.0" encoding="UTF-8"?>
<!-- Generated by org.testng.reporters.JUnitReportReporter -->
<testsuite skipped="0" hostname="Rizwan" name="qarizwanacademy.ExtentReports.FirstExtentReportTest" tests="1" failures="0" timestamp="2021-08-22T03:16:14 IST" time="4.282" errors="0">
  <testcase name="initialDemo" time="4.282" classname="qarizwanacademy.ExtentReports.FirstExtentReportTest"/>
  <system-out/>
</testsuite> <!-- qarizwanacademy.ExtentReports.FirstExtentReportTest -->
